c:\dev\cpp\opengl\intermediates\vc141.pdb
c:\dev\cpp\opengl\intermediates\vc141.idb
c:\dev\cpp\opengl\intermediates\vertexbuffer.obj
c:\dev\cpp\opengl\intermediates\vertexarray.obj
c:\dev\cpp\opengl\intermediates\stb_image.obj
c:\dev\cpp\opengl\intermediates\glm.obj
c:\dev\cpp\opengl\intermediates\texture.obj
c:\dev\cpp\opengl\intermediates\shader.obj
c:\dev\cpp\opengl\intermediates\renderer.obj
c:\dev\cpp\opengl\intermediates\indexbuffer.obj
c:\dev\cpp\opengl\intermediates\aplication.obj
c:\dev\cpp\opengl\opengl.exe
c:\dev\cpp\opengl\opengl.ilk
c:\dev\cpp\opengl\opengl.pdb
c:\dev\cpp\opengl\intermediates\opengl.tlog\cl.command.1.tlog
c:\dev\cpp\opengl\intermediates\opengl.tlog\cl.read.1.tlog
c:\dev\cpp\opengl\intermediates\opengl.tlog\cl.write.1.tlog
c:\dev\cpp\opengl\intermediates\opengl.tlog\link.command.1.tlog
c:\dev\cpp\opengl\intermediates\opengl.tlog\link.read.1.tlog
c:\dev\cpp\opengl\intermediates\opengl.tlog\link.write.1.tlog
